<?xml version="1.0" encoding="UTF-8"?>
<con:testCase id="8cc550d9-b5c9-42c9-9127-9b2649491657" discardOkResults="false" failOnError="true" failTestCaseOnErrors="true" keepSession="false" name="Test Case 2" searchProperties="true" timeout="0" xmlns:con="http://eviware.com/soapui/config">
  <con:settings>
    <con:setting id="8cc550d9-b5c9-42c9-9127-9b2649491657fileName">Test-Case-2</con:setting>
  </con:settings>
  <con:savedRecentRuns>1</con:savedRecentRuns>
  <con:properties/>
  <con:reportParameters/>
</con:testCase>
