<?xml version="1.0" encoding="UTF-8"?>
<con:testCase id="8f8637ed-8564-4055-842f-ec73c2a7d2ad" discardOkResults="false" failOnError="true" failTestCaseOnErrors="true" keepSession="false" name="Test Case 3" searchProperties="true" timeout="0" xmlns:con="http://eviware.com/soapui/config">
  <con:settings>
    <con:setting id="8f8637ed-8564-4055-842f-ec73c2a7d2adfileName">Test-Case-3</con:setting>
  </con:settings>
  <con:properties/>
  <con:reportParameters/>
</con:testCase>
