<?xml version="1.0" encoding="UTF-8"?>
<con:testCase discardOkResults="false" failOnError="true" failTestCaseOnErrors="true" id="5654e9c4-1ba3-4cdd-924b-dc8b2dc4a56c" keepSession="false" name="Test Case 2" searchProperties="true" timeout="0" xmlns:con="http://eviware.com/soapui/config">
  <con:settings>
    <con:setting id="5654e9c4-1ba3-4cdd-924b-dc8b2dc4a56cfileName">Test-Case-2</con:setting>
  </con:settings>
  <con:properties/>
  <con:reportParameters/>
</con:testCase>
